[2025-09-14 09:31:01] [INFO] === Starting Billing Process ===
[2025-09-14 09:31:01] [INFO] Connected to Database
[2025-09-14 09:31:01] [INFO] >>> Processing Plan: Plan_1M (ID: 1, Type: Fixed)
[2025-09-14 09:31:01] [INFO] >>> Processing Plan: Plan_2M (ID: 2, Type: Fixed)
[2025-09-14 09:31:01] [INFO] ---- User: basel (ID: 31) due for billing ----
[2025-09-14 09:31:01] [INFO]    Invoice created (ID: 104)
[2025-09-14 09:31:01] [INFO]    Invoice item added: 200
[2025-09-14 09:31:01] [INFO]    Billing history recorded
[2025-09-14 09:31:01] [INFO]    userbillinfo updated: lastbill=NOW, nextbill=+Monthly, balance=
[2025-09-14 09:31:01] [INFO] ==== Billing complete for user basel (Amount: 200) ====
[2025-09-14 09:31:01] [INFO] ---- User: adm (ID: 49) due for billing ----
[2025-09-14 09:31:01] [INFO]    Invoice created (ID: 105)
[2025-09-14 09:31:01] [INFO]    Invoice item added: 200
[2025-09-14 09:31:01] [INFO]    Billing history recorded
[2025-09-14 09:31:01] [INFO]    userbillinfo updated: lastbill=NOW, nextbill=+Monthly, balance=
[2025-09-14 09:31:01] [INFO] ==== Billing complete for user adm (Amount: 200) ====
[2025-09-14 09:31:01] [INFO] >>> Processing Plan: plan_10M (ID: 3, Type: Fixed)
[2025-09-14 09:31:01] [INFO] ---- User: noc (ID: 41) due for billing ----
[2025-09-14 09:31:01] [INFO]    Invoice created (ID: 106)
[2025-09-14 09:31:01] [INFO]    Invoice item added: 9999
[2025-09-14 09:31:01] [INFO]    Billing history recorded
[2025-09-14 09:31:01] [INFO]    userbillinfo updated: lastbill=NOW, nextbill=+Monthly, balance=
[2025-09-14 09:31:01] [INFO] ==== Billing complete for user noc (Amount: 9999) ====
[2025-09-14 09:31:01] [INFO] ---- User: aa (ID: 118) due for billing ----
[2025-09-14 09:31:01] [INFO]    Invoice created (ID: 107)
[2025-09-14 09:31:01] [INFO]    Invoice item added: 9999
[2025-09-14 09:31:01] [INFO]    Billing history recorded
[2025-09-14 09:31:01] [INFO]    userbillinfo updated: lastbill=NOW, nextbill=+Monthly, balance=
[2025-09-14 09:31:01] [INFO] ==== Billing complete for user aa (Amount: 9999) ====
[2025-09-14 09:31:01] [INFO] >>> Processing Plan: Plan_4M (ID: 15, Type: Fixed)
[2025-09-14 09:31:01] [INFO] ---- User: samer (ID: 43) due for billing ----
[2025-09-14 09:31:01] [INFO]    Invoice created (ID: 108)
[2025-09-14 09:31:01] [INFO]    Invoice item added: 888
[2025-09-14 09:31:01] [INFO]    Billing history recorded
[2025-09-14 09:31:01] [INFO]    userbillinfo updated: lastbill=NOW, nextbill=+Daily, balance=
[2025-09-14 09:31:01] [INFO] ==== Billing complete for user samer (Amount: 888) ====
[2025-09-14 09:31:01] [INFO] >>> Processing Plan: plan_8M (ID: 16, Type: Fixed)
[2025-09-14 09:31:01] [INFO] >>> Processing Plan: Plan_5min (ID: 19, Type: Time)
[2025-09-14 09:31:01] [INFO] ---- User: rate (ID: 103) due for billing ----
[2025-09-14 09:31:01] [INFO]    Time Plan: Used=157.6 min / Allowed=60 min | Balance=0 min | Amount=500
[2025-09-14 09:31:01] [INFO]    Invoice created (ID: 109)
[2025-09-14 09:31:01] [INFO]    Invoice item added: 500
[2025-09-14 09:31:01] [INFO]    Billing history recorded
[2025-09-14 09:31:01] [INFO]    userbillinfo updated: lastbill=NOW, nextbill=+Daily, balance=0
[2025-09-14 09:31:01] [INFO] ==== Billing complete for user rate (Amount: 500) ====
[2025-09-14 09:31:01] [INFO] ---- User: time (ID: 106) due for billing ----
[2025-09-14 09:31:01] [INFO]    Time Plan: Used=19.88 min / Allowed=60 min | Balance=40.12 min | Amount=500
[2025-09-14 09:31:01] [INFO]    Invoice created (ID: 110)
[2025-09-14 09:31:01] [INFO]    Invoice item added: 500
[2025-09-14 09:31:01] [INFO]    Billing history recorded
[2025-09-14 09:31:01] [INFO]    userbillinfo updated: lastbill=NOW, nextbill=+Daily, balance=40.12
[2025-09-14 09:31:01] [INFO] ==== Billing complete for user time (Amount: 500) ====
[2025-09-14 09:31:01] [INFO] ---- User: baa (ID: 116) due for billing ----
[2025-09-14 09:31:01] [INFO]    Time Plan: Used=0 min / Allowed=60 min | Balance=60 min | Amount=500
[2025-09-14 09:31:01] [INFO]    Invoice created (ID: 111)
[2025-09-14 09:31:01] [INFO]    Invoice item added: 500
[2025-09-14 09:31:01] [INFO]    Billing history recorded
[2025-09-14 09:31:01] [INFO]    userbillinfo updated: lastbill=NOW, nextbill=+Daily, balance=60
[2025-09-14 09:31:01] [INFO] ==== Billing complete for user baa (Amount: 500) ====
[2025-09-14 09:31:01] [INFO] ---- User: saa (ID: 117) due for billing ----
[2025-09-14 09:31:01] [INFO]    Time Plan: Used=0 min / Allowed=60 min | Balance=60 min | Amount=500
[2025-09-14 09:31:01] [INFO]    Invoice created (ID: 112)
[2025-09-14 09:31:01] [INFO]    Invoice item added: 500
[2025-09-14 09:31:01] [INFO]    Billing history recorded
[2025-09-14 09:31:01] [INFO]    userbillinfo updated: lastbill=NOW, nextbill=+Daily, balance=60
[2025-09-14 09:31:01] [INFO] ==== Billing complete for user saa (Amount: 500) ====
[2025-09-14 09:31:01] [INFO] >>> Processing Plan: plan_10G (ID: 20, Type: Traffic)
[2025-09-14 09:31:01] [INFO] ---- User: mira (ID: 54) due for billing ----
[2025-09-14 09:31:01] [INFO]    Traffic Plan: Used=4371.85 MB / Allowed=1024 MB | Balance=0 MB | Amount=999
[2025-09-14 09:31:01] [INFO]    Invoice created (ID: 113)
[2025-09-14 09:31:01] [INFO]    Invoice item added: 999
[2025-09-14 09:31:01] [INFO]    Billing history recorded
[2025-09-14 09:31:01] [INFO]    userbillinfo updated: lastbill=NOW, nextbill=+Weekly, balance=0
[2025-09-14 09:31:01] [INFO] ==== Billing complete for user mira (Amount: 999) ====
[2025-09-14 09:31:01] [INFO] ---- User: traffic (ID: 105) due for billing ----
[2025-09-14 09:31:01] [INFO]    Traffic Plan: Used=143.17 MB / Allowed=1024 MB | Balance=880.83 MB | Amount=999
[2025-09-14 09:31:01] [INFO]    Invoice created (ID: 114)
[2025-09-14 09:31:01] [INFO]    Invoice item added: 999
[2025-09-14 09:31:01] [INFO]    Billing history recorded
[2025-09-14 09:31:01] [INFO]    userbillinfo updated: lastbill=NOW, nextbill=+Weekly, balance=880.83
[2025-09-14 09:31:01] [INFO] ==== Billing complete for user traffic (Amount: 999) ====
[2025-09-14 09:31:01] [INFO] ---- User: trac (ID: 107) due for billing ----
[2025-09-14 09:31:01] [INFO]    Traffic Plan: Used=213.43 MB / Allowed=1024 MB | Balance=810.57 MB | Amount=999
[2025-09-14 09:31:01] [INFO]    Invoice created (ID: 115)
[2025-09-14 09:31:01] [INFO]    Invoice item added: 999
[2025-09-14 09:31:01] [INFO]    Billing history recorded
[2025-09-14 09:31:01] [INFO]    userbillinfo updated: lastbill=NOW, nextbill=+Weekly, balance=810.57
[2025-09-14 09:31:01] [INFO] ==== Billing complete for user trac (Amount: 999) ====
[2025-09-14 09:31:01] [INFO] >>> Processing Plan: Free WiFi (ID: 23, Type: Fixed)
[2025-09-14 09:31:01] [INFO] ---- User: 963935744377 (ID: 109) due for billing ----
[2025-09-14 09:31:01] [INFO]    Invoice created (ID: 116)
[2025-09-14 09:31:01] [INFO]    Invoice item added: 100
[2025-09-14 09:31:01] [INFO]    Billing history recorded
[2025-09-14 09:31:01] [INFO]    userbillinfo updated: lastbill=NOW, nextbill=+Daily, balance=
[2025-09-14 09:31:01] [INFO] ==== Billing complete for user 963935744377 (Amount: 100) ====
[2025-09-14 09:31:01] [INFO] ---- User: 963938266493 (ID: 114) due for billing ----
[2025-09-14 09:31:01] [INFO]    Invoice created (ID: 117)
[2025-09-14 09:31:01] [INFO]    Invoice item added: 100
[2025-09-14 09:31:01] [INFO]    Billing history recorded
[2025-09-14 09:31:01] [INFO]    userbillinfo updated: lastbill=NOW, nextbill=+Daily, balance=
[2025-09-14 09:31:01] [INFO] ==== Billing complete for user 963938266493 (Amount: 100) ====
[2025-09-14 09:31:01] [INFO] === Billing Process Completed ===
[2025-09-14 11:26:35] [INFO] === Starting Billing Process ===
[2025-09-14 11:26:35] [INFO] Connected to Database
[2025-09-14 11:26:35] [INFO] >>> Processing Plan: Plan_1M (ID: 1, Type: Fixed)
[2025-09-14 11:26:35] [INFO] ---- User: laith (ID: 119) due for billing ----
[2025-09-14 11:26:35] [INFO]    Invoice created (ID: 119)
[2025-09-14 11:26:35] [INFO]    Invoice item added: 1000
[2025-09-14 11:26:35] [INFO]    Billing history recorded
[2025-09-14 11:26:35] [INFO]    userbillinfo updated: lastbill=NOW, nextbill=+Monthly, balance=
[2025-09-14 11:26:35] [INFO] ==== Billing complete for user laith (Amount: 1000) ====
[2025-09-14 11:26:35] [INFO] >>> Processing Plan: Plan_2M (ID: 2, Type: Fixed)
[2025-09-14 11:26:35] [INFO] ---- User: basel (ID: 31) due for billing ----
[2025-09-14 11:26:35] [INFO]    Invoice created (ID: 120)
[2025-09-14 11:26:35] [INFO]    Invoice item added: 2000
[2025-09-14 11:26:35] [INFO]    Billing history recorded
[2025-09-14 11:26:35] [INFO]    userbillinfo updated: lastbill=NOW, nextbill=+Monthly, balance=
[2025-09-14 11:26:35] [INFO] ==== Billing complete for user basel (Amount: 2000) ====
[2025-09-14 11:26:35] [INFO] >>> Processing Plan: plan_10M (ID: 3, Type: Fixed)
[2025-09-14 11:26:35] [INFO] ---- User: noc (ID: 41) due for billing ----
[2025-09-14 11:26:35] [INFO]    Invoice created (ID: 121)
[2025-09-14 11:26:35] [INFO]    Invoice item added: 10000
[2025-09-14 11:26:35] [INFO]    Billing history recorded
[2025-09-14 11:26:35] [INFO]    userbillinfo updated: lastbill=NOW, nextbill=+Monthly, balance=
[2025-09-14 11:26:35] [INFO] ==== Billing complete for user noc (Amount: 10000) ====
[2025-09-14 11:26:35] [INFO] >>> Processing Plan: Plan_4M (ID: 15, Type: Fixed)
[2025-09-14 11:26:35] [INFO] >>> Processing Plan: plan_8M (ID: 16, Type: Fixed)
[2025-09-14 11:26:35] [INFO] >>> Processing Plan: Free WiFi (ID: 23, Type: Fixed)
[2025-09-14 11:26:35] [INFO] >>> Processing Plan: time_1hours (ID: 24, Type: Time)
[2025-09-14 11:26:35] [INFO] ---- User: time (ID: 121) due for billing ----
[2025-09-14 11:26:35] [INFO]    Time Plan: Used=0 min / Allowed=60 min | Balance=60 min | Amount=100
[2025-09-14 11:26:35] [INFO]    Invoice created (ID: 122)
[2025-09-14 11:26:35] [INFO]    Invoice item added: 100
[2025-09-14 11:26:35] [INFO]    Billing history recorded
[2025-09-14 11:26:35] [INFO]    userbillinfo updated: lastbill=NOW, nextbill=+Daily, balance=60
[2025-09-14 11:26:35] [INFO] ==== Billing complete for user time (Amount: 100) ====
[2025-09-14 11:26:35] [INFO] >>> Processing Plan: traffic_1G (ID: 25, Type: Traffic)
[2025-09-14 11:26:35] [INFO] ---- User: traffic (ID: 122) due for billing ----
[2025-09-14 11:26:35] [INFO]    Traffic Plan: Used=143.17 MB / Allowed=1024 MB | Balance=880.83 MB | Amount=100
[2025-09-14 11:26:35] [INFO]    Invoice created (ID: 123)
[2025-09-14 11:26:35] [INFO]    Invoice item added: 100
[2025-09-14 11:26:35] [INFO]    Billing history recorded
[2025-09-14 11:26:35] [INFO]    userbillinfo updated: lastbill=NOW, nextbill=+Daily, balance=880.83
[2025-09-14 11:26:35] [INFO] ==== Billing complete for user traffic (Amount: 100) ====
[2025-09-14 11:26:35] [INFO] === Billing Process Completed ===
[2025-09-14 11:33:24] [INFO] === Starting Billing Process ===
[2025-09-14 11:33:24] [INFO] Connected to Database
[2025-09-14 11:33:24] [INFO] >>> Processing Plan: Plan_1M (ID: 1, Type: Fixed)
[2025-09-14 11:33:24] [INFO] >>> Processing Plan: Plan_2M (ID: 2, Type: Fixed)
[2025-09-14 11:33:24] [INFO] >>> Processing Plan: plan_10M (ID: 3, Type: Fixed)
[2025-09-14 11:33:24] [INFO] >>> Processing Plan: Plan_4M (ID: 15, Type: Fixed)
[2025-09-14 11:33:24] [INFO] >>> Processing Plan: plan_8M (ID: 16, Type: Fixed)
[2025-09-14 11:33:24] [INFO] >>> Processing Plan: Free WiFi (ID: 23, Type: Fixed)
[2025-09-14 11:33:24] [INFO] >>> Processing Plan: time_1hours (ID: 24, Type: Time)
[2025-09-14 11:33:24] [INFO] >>> Processing Plan: traffic_1G (ID: 25, Type: Traffic)
[2025-09-14 11:33:24] [INFO] === Billing Process Completed ===
